Added Component: Designator=*1(Atmega8_Stamp)
Added Pin To Net: NetName=Net*1_1 Pin=*1-1
Added Pin To Net: NetName=Net*1_2 Pin=*1-2
Added Pin To Net: NetName=Net*1_3 Pin=*1-3
Added Pin To Net: NetName=Net*1_4 Pin=*1-4
Added Pin To Net: NetName=Net*1_5 Pin=*1-5
Added Pin To Net: NetName=Net*1_6 Pin=*1-6
Added Pin To Net: NetName=Net*1_11 Pin=*1-11
Added Pin To Net: NetName=Net*1_12 Pin=*1-12
Added Pin To Net: NetName=Net*1_13 Pin=*1-13
Added Pin To Net: NetName=Net*1_14 Pin=*1-14
Added Pin To Net: NetName=Net*1_15 Pin=*1-15
Added Pin To Net: NetName=Net*1_16 Pin=*1-16
Added Pin To Net: NetName=GND Pin=*1-17
Added Pin To Net: NetName=GND Pin=*1-18
Added Pin To Net: NetName=GND Pin=*1-19
Added Pin To Net: NetName=+5 Pin=*1-20
Added Pin To Net: NetName=+5 Pin=*1-21
Added Pin To Net: NetName=Net*1_23 Pin=*1-23
Added Pin To Net: NetName=Net*1_24 Pin=*1-24
Added Pin To Net: NetName=Net*1_27 Pin=*1-27
Added Pin To Net: NetName=Net*1_28 Pin=*1-28
Added Pin To Net: NetName=Net*1_29 Pin=*1-29
Added Pin To Net: NetName=Net*1_30 Pin=*1-30
Added Pin To Net: NetName=Net*1_31 Pin=*1-31
Added Pin To Net: NetName=Net*1_32 Pin=*1-32
Added Member To Class: ClassName=Pre-Proj-Sch Member=Component *1 Atmega8_Stamp
