Added Component: Designator=*2(dip-16)
Added Component: Designator=*3(GLCDBoxHeader10Pin)
Added Component: Designator=C1(CAPPR2-5x6.8)
Added Component: Designator=C2(CAPPR2-5x6.8)
Added Component: Designator=C3(CAPPR2-5x6.8)
Added Component: Designator=C4(CAPPR2-5x6.8)
Added Component: Designator=F1(78xx)
Added Component: Designator=P1(HDR1X2)
Added Component: Designator=P2(HDR1X3)
Added Component: Designator=P3(HDR1X2)
Added Component: Designator=P4(HDR2X5)
Added Component: Designator=P5(HDR1X2)
Added Component: Designator=Q1(BCY-W3/B.8)
Added Component: Designator=R1(AXIAL-0.3)
Added Component: Designator=R2(AXIAL-0.3)
Added Component: Designator=S1(HDR1X3)
Added Component: Designator=SW1(u-sw4)
Added Pin To Net: NetName=+5 Pin=*2-8
Added Pin To Net: NetName=+5 Pin=*2-16
Added Pin To Net: NetName=+5 Pin=*3-1
Added Pin To Net: NetName=+5 Pin=*3-1
Added Pin To Net: NetName=+5 Pin=C1-1
Added Pin To Net: NetName=+5 Pin=C4-1
Added Pin To Net: NetName=+5 Pin=F1-3
Added Pin To Net: NetName=+5 Pin=P2-1
Added Pin To Net: NetName=+5 Pin=P4-9
Added Pin To Net: NetName=+5 Pin=Q1-3
Added Pin To Net: NetName=+5 Pin=R1-2
Added Net: Name=+5
Added Pin To Net: NetName=GND Pin=*2-4
Added Pin To Net: NetName=GND Pin=*2-5
Added Pin To Net: NetName=GND Pin=*2-12
Added Pin To Net: NetName=GND Pin=*2-13
Added Pin To Net: NetName=GND Pin=*3-2
Added Pin To Net: NetName=GND Pin=*3-2
Added Pin To Net: NetName=GND Pin=C2-2
Added Pin To Net: NetName=GND Pin=C3-2
Added Pin To Net: NetName=GND Pin=C4-2
Added Pin To Net: NetName=GND Pin=F1-2
Added Pin To Net: NetName=GND Pin=P2-3
Added Pin To Net: NetName=GND Pin=P4-10
Added Pin To Net: NetName=GND Pin=S1-1
Added Pin To Net: NetName=GND Pin=SW1-2
Added Pin To Net: NetName=GND Pin=SW1-2
Added Net: Name=GND
Added Pin To Net: NetName=Net*1_1 Pin=*2-2
Added Net: Name=Net*1_1
Added Pin To Net: NetName=Net*1_2 Pin=*2-1
Added Net: Name=Net*1_2
Added Pin To Net: NetName=Net*1_3 Pin=*2-9
Added Net: Name=Net*1_3
Added Pin To Net: NetName=Net*1_4 Pin=*2-7
Added Net: Name=Net*1_4
Added Pin To Net: NetName=Net*1_5 Pin=*2-10
Added Net: Name=Net*1_5
Added Pin To Net: NetName=Net*1_6 Pin=*2-15
Added Net: Name=Net*1_6
Added Pin To Net: NetName=Net*1_11 Pin=*3-3
Added Pin To Net: NetName=Net*1_11 Pin=*3-3
Added Net: Name=Net*1_11
Added Pin To Net: NetName=Net*1_12 Pin=*3-4
Added Pin To Net: NetName=Net*1_12 Pin=*3-4
Added Net: Name=Net*1_12
Added Pin To Net: NetName=Net*1_13 Pin=*3-5
Added Pin To Net: NetName=Net*1_13 Pin=*3-5
Added Net: Name=Net*1_13
Added Pin To Net: NetName=Net*1_14 Pin=*3-6
Added Pin To Net: NetName=Net*1_14 Pin=*3-6
Added Net: Name=Net*1_14
Added Pin To Net: NetName=Net*1_15 Pin=*3-7
Added Pin To Net: NetName=Net*1_15 Pin=*3-7
Added Net: Name=Net*1_15
Added Pin To Net: NetName=Net*1_16 Pin=*3-8
Added Pin To Net: NetName=Net*1_16 Pin=*3-8
Added Net: Name=Net*1_16
Added Pin To Net: NetName=Net*1_23 Pin=R1-1
Added Pin To Net: NetName=Net*1_23 Pin=SW1-1
Added Pin To Net: NetName=Net*1_23 Pin=SW1-1
Added Net: Name=Net*1_23
Added Pin To Net: NetName=Net*1_24 Pin=P2-2
Added Net: Name=Net*1_24
Added Pin To Net: NetName=Net*1_27 Pin=P4-6
Added Net: Name=Net*1_27
Added Pin To Net: NetName=Net*1_28 Pin=P4-5
Added Net: Name=Net*1_28
Added Pin To Net: NetName=Net*1_29 Pin=P4-4
Added Net: Name=Net*1_29
Added Pin To Net: NetName=Net*1_30 Pin=P4-3
Added Net: Name=Net*1_30
Added Pin To Net: NetName=Net*1_31 Pin=P4-2
Added Net: Name=Net*1_31
Added Pin To Net: NetName=Net*1_32 Pin=P4-1
Added Net: Name=Net*1_32
Added Pin To Net: NetName=Net*2_3 Pin=*2-3
Added Pin To Net: NetName=Net*2_3 Pin=P1-1
Added Net: Name=Net*2_3
Added Pin To Net: NetName=Net*2_6 Pin=*2-6
Added Pin To Net: NetName=Net*2_6 Pin=P1-2
Added Net: Name=Net*2_6
Added Pin To Net: NetName=Net*2_11 Pin=*2-11
Added Pin To Net: NetName=Net*2_11 Pin=P3-1
Added Net: Name=Net*2_11
Added Pin To Net: NetName=Net*2_14 Pin=*2-14
Added Pin To Net: NetName=Net*2_14 Pin=P3-2
Added Net: Name=Net*2_14
Added Pin To Net: NetName=NetC1_2 Pin=C1-2
Added Pin To Net: NetName=NetC1_2 Pin=C3-1
Added Pin To Net: NetName=NetC1_2 Pin=F1-1
Added Pin To Net: NetName=NetC1_2 Pin=Q1-2
Added Pin To Net: NetName=NetC1_2 Pin=R2-2
Added Net: Name=NetC1_2
Added Pin To Net: NetName=NetC2_1 Pin=C2-1
Added Pin To Net: NetName=NetC2_1 Pin=P5-2
Added Pin To Net: NetName=NetC2_1 Pin=Q1-1
Added Pin To Net: NetName=NetC2_1 Pin=R2-1
Added Net: Name=NetC2_1
Added Pin To Net: NetName=NetP5_1 Pin=P5-1
Added Pin To Net: NetName=NetP5_1 Pin=S1-2
Added Net: Name=NetP5_1
Added Class: Name=Pre-Proj-Sch
